<?xml version="1.0" encoding="UTF-8"?>
<!-- Generated by org.testng.reporters.JUnitXMLReporter -->
<testsuite ignored="0" hostname="DESKTOP-LUMPAHN" failures="0" tests="3" name="Command line test" time="0.086" errors="0" timestamp="2023-06-20T17:42:35 UYT">
  <testcase classname="Tests.TestReservation" name="@BeforeClass setUpClass" time="0.027">
    <failure type="java.lang.NullPointerException" message="Cannot invoke &amp;quot;org.openqa.selenium.WebDriver.equals(Object)&amp;quot; because &amp;quot;this.driver&amp;quot; is null">
      <![CDATA[java.lang.NullPointerException: Cannot invoke "org.openqa.selenium.WebDriver.equals(Object)" because "this.driver" is null
at Base.BaseClass.DriverConnection(BaseClass.java:29)
at Tests.TestReservation.setUpClass(TestReservation.java:31)
at java.base/java.util.ArrayList.forEach(ArrayList.java:1511)
... Removed 31 stack frames]]>
    </failure>
  </testcase> <!-- @BeforeClass setUpClass -->
  <testcase classname="Tests.TestReservation" name="@AfterClass tearDownClass" time="0.0">
    <skipped/>
  </testcase> <!-- @AfterClass tearDownClass -->
  <testcase classname="Tests.TestsMT" name="@BeforeClass setUpClass" time="0.001">
    <failure type="java.lang.NullPointerException" message="Cannot invoke &amp;quot;org.openqa.selenium.WebDriver.equals(Object)&amp;quot; because &amp;quot;this.driver&amp;quot; is null">
      <![CDATA[java.lang.NullPointerException: Cannot invoke "org.openqa.selenium.WebDriver.equals(Object)" because "this.driver" is null
at Base.BaseClass.DriverConnection(BaseClass.java:29)
at Tests.TestsMT.setUpClass(TestsMT.java:29)
at java.base/java.util.ArrayList.forEach(ArrayList.java:1511)
... Removed 31 stack frames]]>
    </failure>
  </testcase> <!-- @BeforeClass setUpClass -->
  <testcase classname="Tests.TestsMT" name="@AfterClass tearDownClass" time="0.0">
    <skipped/>
  </testcase> <!-- @AfterClass tearDownClass -->
  <testcase classname="Tests.TestReservation" name="TestReservation" time="0.0">
    <skipped/>
  </testcase> <!-- TestReservation -->
  <testcase classname="Tests.TestsMT" name="TestLogin" time="0.0">
    <skipped/>
  </testcase> <!-- TestLogin -->
  <testcase classname="Tests.TestsMT" name="TestRegister" time="0.0">
    <skipped/>
  </testcase> <!-- TestRegister -->
</testsuite> <!-- Command line test -->
